2026-02-03 11:23:39,925 - INFO - Logger configurado com sucesso
2026-02-03 11:23:39,925 - INFO - Inicio da geracao de relatorios
2026-02-03 11:23:40,562 - INFO - Iniciando envio de email
2026-02-03 11:23:41,153 - ERROR - Erro ao enviar email
Traceback (most recent call last):
  File "C:\Users\User\Desktop\Documents\Estudos_Programacao\Automacao_Python\Preenchendo-PDF\automacao_gerar_PDF_funcionarios\email_service.py", line 24, in enviar_email
    smtp.login("vasconcellos.vinicius@hotmail.com", "SENHA_APP")
    ~~~~~~~~~~^^^^^^^^^^^^^^^^^^^^^^^^^^^^^^^^^^^^^^^^^^^^^^^^^^
  File "C:\Users\User\anaconda3\Lib\smtplib.py", line 750, in login
    raise last_exception
  File "C:\Users\User\anaconda3\Lib\smtplib.py", line 739, in login
    (code, resp) = self.auth(
                   ~~~~~~~~~^
        authmethod, getattr(self, method_name),
        ^^^^^^^^^^^^^^^^^^^^^^^^^^^^^^^^^^^^^^^
        initial_response_ok=initial_response_ok)
        ^^^^^^^^^^^^^^^^^^^^^^^^^^^^^^^^^^^^^^^^
  File "C:\Users\User\anaconda3\Lib\smtplib.py", line 662, in auth
    raise SMTPAuthenticationError(code, resp)
smtplib.SMTPAuthenticationError: (535, b'5.7.8 Username and Password not accepted. For more information, go to\n5.7.8  https://support.google.com/mail/?p=BadCredentials ffacd0b85a97d-435e131cf4asm51906591f8f.28 - gsmtp')
2026-02-03 12:11:01,641 - INFO - Logger configurado com sucesso
2026-02-03 12:11:01,657 - INFO - Inicio da geracao de relatorios
2026-02-03 12:11:03,011 - INFO - Iniciando envio de email via Outlook
2026-02-03 12:11:03,125 - ERROR - Erro ao enviar email via Outlook
Traceback (most recent call last):
  File "C:\Users\User\anaconda3\Lib\site-packages\win32com\client\dynamic.py", line 80, in _GetGoodDispatch
    IDispatch = pythoncom.connect(IDispatch)
pywintypes.com_error: (-2147221005, 'Ungültige Klassenzeichenfolge', None, None)

During handling of the above exception, another exception occurred:

Traceback (most recent call last):
  File "C:\Users\User\Desktop\Documents\Estudos_Programacao\Automacao_Python\Preenchendo-PDF\automacao_gerar_PDF_funcionarios\email_service.py", line 13, in enviar_email
    outlook = win32.Dispatch("Outlook.Application")
  File "C:\Users\User\anaconda3\Lib\site-packages\win32com\client\__init__.py", line 114, in Dispatch
    dispatch, userName = dynamic._GetGoodDispatchAndUserName(dispatch, userName, clsctx)
                         ~~~~~~~~~~~~~~~~~~~~~~~~~~~~~~~~~~~^^^^^^^^^^^^^^^^^^^^^^^^^^^^
  File "C:\Users\User\anaconda3\Lib\site-packages\win32com\client\dynamic.py", line 100, in _GetGoodDispatchAndUserName
    return (_GetGoodDispatch(IDispatch, clsctx), userName)
            ~~~~~~~~~~~~~~~~^^^^^^^^^^^^^^^^^^^
  File "C:\Users\User\anaconda3\Lib\site-packages\win32com\client\dynamic.py", line 82, in _GetGoodDispatch
    IDispatch = pythoncom.CoCreateInstance(
        IDispatch, None, clsctx, pythoncom.IID_IDispatch
    )
pywintypes.com_error: (-2147221005, 'Ungültige Klassenzeichenfolge', None, None)
